<?xml version="1.0" encoding="UTF-8"?>
<testng-results ignored="0" total="1" passed="1" failed="0" skipped="0">
  <reporter-output>
  </reporter-output>
  <suite started-at="2022-01-07T16:44:49 EET" name="Default suite" finished-at="2022-01-07T16:44:53 EET" duration-ms="3230">
    <groups>
    </groups>
    <test started-at="2022-01-07T16:44:49 EET" name="Default test" finished-at="2022-01-07T16:44:53 EET" duration-ms="3230">
      <class name="examples.restAssured.TestJsonScehmaValidator">
        <test-method signature="testJSONScehmaValidator()[pri:0, instance:examples.restAssured.TestJsonScehmaValidator@498d318c]" started-at="2022-01-07T16:44:50 EET" name="testJSONScehmaValidator" finished-at="2022-01-07T16:44:53 EET" duration-ms="3182" status="PASS">
          <reporter-output>
          </reporter-output>
        </test-method> <!-- testJSONScehmaValidator -->
      </class> <!-- examples.restAssured.TestJsonScehmaValidator -->
    </test> <!-- Default test -->
  </suite> <!-- Default suite -->
</testng-results>
