<?xml version="1.0" encoding="UTF-8"?>
<!-- Generated by org.testng.reporters.JUnitReportReporter -->
<testsuite hostname="DESKTOP-A3REN5P" failures="0" tests="3" name="examples.restAssured.PutPatchAndDeleteTest" time="3.549" errors="0" timestamp="2022-01-07T12:04:23 EET" skipped="0">
  <testcase classname="examples.restAssured.PutPatchAndDeleteTest" name="deleteTestCase" time="2.814"/>
  <system-out/>
  <testcase classname="examples.restAssured.PutPatchAndDeleteTest" name="patchTestCase" time="0.398"/>
  <system-out/>
  <testcase classname="examples.restAssured.PutPatchAndDeleteTest" name="putTestCase" time="0.337"/>
  <system-out/>
</testsuite> <!-- examples.restAssured.PutPatchAndDeleteTest -->
